Using pre-set license
Built from '2021.3/staging' branch; Version is '2021.3.6f1 (7da38d85baf6) revision 8233869'; Using compiler version '192829333'; Build Type 'Release'
OS: 'Windows 10  (10.0.19044) 64bit Professional' Language: 'tr' Physical Memory: 8135 MB
BatchMode: 1, IsHumanControllingUs: 0, StartBugReporterOnCrash: 0, Is64bit: 1, IsPro: 1

COMMAND LINE ARGUMENTS:
C:\Program Files\Unity\Hub\Editor\2021.3.6f1\Editor\Unity.exe
-adb2
-batchMode
-noUpm
-name
AssetImportWorker0
-projectPath
C:/GitHubHujam/Hujam/UzayınNuhu
-logFile
Logs/AssetImportWorker0.log
-srvPort
56765
Successfully changed project path to: C:/GitHubHujam/Hujam/UzayınNuhu
C:/GitHubHujam/Hujam/UzayınNuhu
[UnityMemory] Configuration Parameters - Can be set up in boot.config
    "memorysetup-bucket-allocator-granularity=16"
    "memorysetup-bucket-allocator-bucket-count=8"
    "memorysetup-bucket-allocator-block-size=33554432"
    "memorysetup-bucket-allocator-block-count=8"
    "memorysetup-main-allocator-block-size=16777216"
    "memorysetup-thread-allocator-block-size=16777216"
    "memorysetup-gfx-main-allocator-block-size=16777216"
    "memorysetup-gfx-thread-allocator-block-size=16777216"
    "memorysetup-cache-allocator-block-size=4194304"
    "memorysetup-typetree-allocator-block-size=2097152"
    "memorysetup-profiler-bucket-allocator-granularity=16"
    "memorysetup-profiler-bucket-allocator-bucket-count=8"
    "memorysetup-profiler-bucket-allocator-block-size=33554432"
    "memorysetup-profiler-bucket-allocator-block-count=8"
    "memorysetup-profiler-allocator-block-size=16777216"
    "memorysetup-profiler-editor-allocator-block-size=1048576"
    "memorysetup-temp-allocator-size-main=16777216"
    "memorysetup-job-temp-allocator-block-size=2097152"
    "memorysetup-job-temp-allocator-block-size-background=1048576"
    "memorysetup-job-temp-allocator-reduction-small-platforms=262144"
    "memorysetup-temp-allocator-size-background-worker=32768"
    "memorysetup-temp-allocator-size-job-worker=262144"
    "memorysetup-temp-allocator-size-preload-manager=33554432"
    "memorysetup-temp-allocator-size-nav-mesh-worker=65536"
    "memorysetup-temp-allocator-size-audio-worker=65536"
    "memorysetup-temp-allocator-size-cloud-worker=32768"
    "memorysetup-temp-allocator-size-gi-baking-worker=262144"
    "memorysetup-temp-allocator-size-gfx=262144"
Refreshing native plugins compatible for Editor in 180.21 ms, found 3 plugins.
Preloading 0 native plugins for Editor in 0.00 ms.
Initialize engine version: 2021.3.6f1 (7da38d85baf6)
[Subsystems] Discovering subsystems at path C:/Program Files/Unity/Hub/Editor/2021.3.6f1/Editor/Data/Resources/UnitySubsystems
[Subsystems] Discovering subsystems at path C:/GitHubHujam/Hujam/UzayınNuhu/Assets
GfxDevice: creating device client; threaded=0; jobified=0
Direct3D:
    Version:  Direct3D 11.0 [level 11.1]
    Renderer: NVIDIA GeForce GTX 960 (ID=0x1401)
    Vendor:   NVIDIA
    VRAM:     2002 MB
    Driver:   31.0.15.2756
Initialize mono
Mono path[0] = 'C:/Program Files/Unity/Hub/Editor/2021.3.6f1/Editor/Data/Managed'
Mono path[1] = 'C:/Program Files/Unity/Hub/Editor/2021.3.6f1/Editor/Data/MonoBleedingEdge/lib/mono/unityjit-win32'
Mono config path = 'C:/Program Files/Unity/Hub/Editor/2021.3.6f1/Editor/Data/MonoBleedingEdge/etc'
Using monoOptions --debugger-agent=transport=dt_socket,embedding=1,server=y,suspend=n,address=127.0.0.1:56996
Begin MonoManager ReloadAssembly
Registering precompiled unity dll's ...
Register platform support module: C:/Program Files/Unity/Hub/Editor/2021.3.6f1/Editor/Data/PlaybackEngines/WindowsStandaloneSupport/UnityEditor.WindowsStandalone.Extensions.dll
Registered in 0.013853 seconds.
Native extension for WindowsStandalone target not found
Refreshing native plugins compatible for Editor in 140.73 ms, found 3 plugins.
Preloading 0 native plugins for Editor in 0.00 ms.
Mono: successfully reloaded assembly
- Completed reload, in  1.179 seconds
Domain Reload Profiling:
	ReloadAssembly (1180ms)
		BeginReloadAssembly (201ms)
			ExecutionOrderSort (0ms)
			DisableScriptedObjects (0ms)
			BackupInstance (0ms)
			ReleaseScriptingObjects (0ms)
			CreateAndSetChildDomain (1ms)
		EndReloadAssembly (794ms)
			LoadAssemblies (198ms)
			RebuildTransferFunctionScriptingTraits (0ms)
			SetupTypeCache (202ms)
			ReleaseScriptCaches (0ms)
			RebuildScriptCaches (42ms)
			SetupLoadedEditorAssemblies (457ms)
				LogAssemblyErrors (0ms)
				InitializePlatformSupportModulesInManaged (13ms)
				SetLoadedEditorAssemblies (0ms)
				RefreshPlugins (141ms)
				BeforeProcessingInitializeOnLoad (2ms)
				ProcessInitializeOnLoadAttributes (214ms)
				ProcessInitializeOnLoadMethodAttributes (87ms)
				AfterProcessingInitializeOnLoad (0ms)
				EditorAssembliesLoaded (0ms)
			ExecutionOrderSort2 (0ms)
			AwakeInstancesAfterBackupRestoration (0ms)
Platform modules already initialized, skipping
Registering precompiled user dll's ...
Registered in 0.016373 seconds.
Begin MonoManager ReloadAssembly
Symbol file LoadedFromMemory doesn't match image C:\GitHubHujam\Hujam\UzayınNuhu\Library\PackageCache\com.unity.visualscripting@1.7.8\Editor\VisualScripting.Core\Dependencies\YamlDotNet\Unity.VisualScripting.YamlDotNet.dll
Symbol file LoadedFromMemory doesn't match image C:\GitHubHujam\Hujam\UzayınNuhu\Library\PackageCache\com.unity.visualscripting@1.7.8\Editor\VisualScripting.Core\Dependencies\DotNetZip\Unity.VisualScripting.IonicZip.dll
Native extension for WindowsStandalone target not found
Refreshing native plugins compatible for Editor in 2.57 ms, found 3 plugins.
Preloading 0 native plugins for Editor in 0.00 ms.
Mono: successfully reloaded assembly
- Completed reload, in  2.214 seconds
Domain Reload Profiling:
	ReloadAssembly (2221ms)
		BeginReloadAssembly (166ms)
			ExecutionOrderSort (0ms)
			DisableScriptedObjects (7ms)
			BackupInstance (0ms)
			ReleaseScriptingObjects (0ms)
			CreateAndSetChildDomain (25ms)
		EndReloadAssembly (1791ms)
			LoadAssemblies (250ms)
			RebuildTransferFunctionScriptingTraits (0ms)
			SetupTypeCache (474ms)
			ReleaseScriptCaches (2ms)
			RebuildScriptCaches (174ms)
			SetupLoadedEditorAssemblies (754ms)
				LogAssemblyErrors (0ms)
				InitializePlatformSupportModulesInManaged (17ms)
				SetLoadedEditorAssemblies (2ms)
				RefreshPlugins (3ms)
				BeforeProcessingInitializeOnLoad (192ms)
				ProcessInitializeOnLoadAttributes (466ms)
				ProcessInitializeOnLoadMethodAttributes (56ms)
				AfterProcessingInitializeOnLoad (19ms)
				EditorAssembliesLoaded (1ms)
			ExecutionOrderSort2 (0ms)
			AwakeInstancesAfterBackupRestoration (17ms)
Platform modules already initialized, skipping
========================================================================
Worker process is ready to serve import requests
Launched and connected shader compiler UnityShaderCompiler.exe after 0.16 seconds
Refreshing native plugins compatible for Editor in 0.76 ms, found 3 plugins.
Preloading 0 native plugins for Editor in 0.00 ms.
Unloading 3511 Unused Serialized files (Serialized files now loaded: 0)
Unloading 29 unused Assets / (182.3 KB). Loaded Objects now: 3966.
Memory consumption went from 122.3 MB to 122.2 MB.
Total: 3.960500 ms (FindLiveObjects: 0.430400 ms CreateObjectMapping: 0.389600 ms MarkObjects: 2.981300 ms  DeleteObjects: 0.157300 ms)

AssetImportParameters requested are different than current active one (requested -> active):
  custom:video-decoder-ogg-theora: a1e56fd34408186e4bbccfd4996cb3dc -> 
  custom:container-muxer-webm: aa71ff27fc2769a1b78a27578f13a17b -> 
  custom:container-demuxer-webm: 4f35f7cbe854078d1ac9338744f61a02 -> 
  custom:video-encoder-webm-vp8: eb34c28f22e8b96e1ab97ce403110664 -> 
  custom:audio-encoder-webm-vorbis: bf7c407c2cedff20999df2af8eb42d56 -> 
  custom:framework-win-MediaFoundation: 216162199b28c13a410421893ffa2e32 -> 
  custom:container-demuxer-ogg: 62fdf1f143b41e24485cea50d1cbac27 -> 
  custom:video-decoder-webm-vp8: 9c59270c3fd7afecdb556c50c9e8de78 -> 
  custom:audio-decoder-ogg-vorbis: bf7c407c2cedff20999df2af8eb42d56 -> 
========================================================================
Received Import Request.
  Time since last request: 349395.795206 seconds.
  path: Assets/DinV/Dynamic Space Background/Sprites/Nebula Blue.png
  artifactKey: Guid(ddcac1fac1f5c8943a30c2ef6b724062) Importer(815301076,1909f56bfc062723c751e8b465ee728b)
Start importing Assets/DinV/Dynamic Space Background/Sprites/Nebula Blue.png using Guid(ddcac1fac1f5c8943a30c2ef6b724062) Importer(815301076,1909f56bfc062723c751e8b465ee728b)  -> (artifact id: '987fb7b684bfa11abede7e49bc42bebe') in 2.565087 seconds 
========================================================================
Received Import Request.
  Time since last request: 0.001416 seconds.
  path: Assets/DinV/Dynamic Space Background/Sprites/Stars-Big_1.png
  artifactKey: Guid(c6944f9f15bd0ca4087bcdf033f0e162) Importer(815301076,1909f56bfc062723c751e8b465ee728b)
Start importing Assets/DinV/Dynamic Space Background/Sprites/Stars-Big_1.png using Guid(c6944f9f15bd0ca4087bcdf033f0e162) Importer(815301076,1909f56bfc062723c751e8b465ee728b)  -> (artifact id: 'f1ff6e6bde66e2f62e954144dbf1f140') in 0.356544 seconds 
========================================================================
Received Import Request.
  Time since last request: 0.000050 seconds.
  path: Assets/DinV/Dynamic Space Background/Sprites/Nebula Red.png
  artifactKey: Guid(35313af049b4a2f42a0325330c51d74a) Importer(815301076,1909f56bfc062723c751e8b465ee728b)
Start importing Assets/DinV/Dynamic Space Background/Sprites/Nebula Red.png using Guid(35313af049b4a2f42a0325330c51d74a) Importer(815301076,1909f56bfc062723c751e8b465ee728b)  -> (artifact id: 'dc725979b6a713019ae5c5062b0f2da2') in 2.066714 seconds 
========================================================================
Received Import Request.
  Time since last request: 0.000031 seconds.
  path: Assets/DinV/Dynamic Space Background/Sprites/Stars Small_1.png
  artifactKey: Guid(efe6ce32a6a4408489775c70e5d32f11) Importer(815301076,1909f56bfc062723c751e8b465ee728b)
Start importing Assets/DinV/Dynamic Space Background/Sprites/Stars Small_1.png using Guid(efe6ce32a6a4408489775c70e5d32f11) Importer(815301076,1909f56bfc062723c751e8b465ee728b)  -> (artifact id: 'b1e0ac8658a9b797e2950453a8bdcfe6') in 1.445978 seconds 
========================================================================
Received Import Request.
  Time since last request: 0.000407 seconds.
  path: Assets/DinV/Dynamic Space Background/Sprites/ARkaplan.mat
  artifactKey: Guid(514d4b190b78b884aa84b8b703e9d4ba) Importer(815301076,1909f56bfc062723c751e8b465ee728b)
Start importing Assets/DinV/Dynamic Space Background/Sprites/ARkaplan.mat using Guid(514d4b190b78b884aa84b8b703e9d4ba) Importer(815301076,1909f56bfc062723c751e8b465ee728b)  -> (artifact id: '0873de316944ec4f4d364eaedcf099cf') in 0.116785 seconds 
========================================================================
Received Import Request.
  Time since last request: 0.000021 seconds.
  path: Assets/DinV/Dynamic Space Background/Sprites/Nebula Aqua-Pink.png
  artifactKey: Guid(d9b31ebd60af68c469212c1a9f513e74) Importer(815301076,1909f56bfc062723c751e8b465ee728b)
Start importing Assets/DinV/Dynamic Space Background/Sprites/Nebula Aqua-Pink.png using Guid(d9b31ebd60af68c469212c1a9f513e74) Importer(815301076,1909f56bfc062723c751e8b465ee728b)  -> (artifact id: 'ca1b5574d197e38d79f70f2337949f97') in 0.381749 seconds 
========================================================================
Received Import Request.
  Time since last request: 30.924698 seconds.
  path: Assets/DinV/Dynamic Space Background/Sprites/ARkaplan.mat
  artifactKey: Guid(514d4b190b78b884aa84b8b703e9d4ba) Importer(815301076,1909f56bfc062723c751e8b465ee728b)
Start importing Assets/DinV/Dynamic Space Background/Sprites/ARkaplan.mat using Guid(514d4b190b78b884aa84b8b703e9d4ba) Importer(815301076,1909f56bfc062723c751e8b465ee728b)  -> (artifact id: 'a7ff41d52eef18006d88714a03b46c24') in 0.420434 seconds 
========================================================================
Received Import Request.
  Time since last request: 102.675043 seconds.
  path: Assets/DinV/Dynamic Space Background/Sprites/3350504.jpg
  artifactKey: Guid(0bee533116a78244e95ee70a177078d7) Importer(815301076,1909f56bfc062723c751e8b465ee728b)
Start importing Assets/DinV/Dynamic Space Background/Sprites/3350504.jpg using Guid(0bee533116a78244e95ee70a177078d7) Importer(815301076,1909f56bfc062723c751e8b465ee728b)  -> (artifact id: 'b25565a53580003cf2393465654cd726') in 0.060626 seconds 
========================================================================
Received Import Request.
  Time since last request: 74.248183 seconds.
  path: Assets/DinV/Dynamic Space Background/Sprites/ARkaplan.mat
  artifactKey: Guid(514d4b190b78b884aa84b8b703e9d4ba) Importer(815301076,1909f56bfc062723c751e8b465ee728b)
Start importing Assets/DinV/Dynamic Space Background/Sprites/ARkaplan.mat using Guid(514d4b190b78b884aa84b8b703e9d4ba) Importer(815301076,1909f56bfc062723c751e8b465ee728b)  -> (artifact id: '66c301737630c4c4f57aa061c10cf99f') in 0.128926 seconds 
========================================================================
Received Import Request.
  Time since last request: 13.902637 seconds.
  path: Assets/DeepSpaceSkyboxPack
  artifactKey: Guid(04c415e8fbfeed44b81ae5b240d55e53) Importer(815301076,1909f56bfc062723c751e8b465ee728b)
Start importing Assets/DeepSpaceSkyboxPack using Guid(04c415e8fbfeed44b81ae5b240d55e53) Importer(815301076,1909f56bfc062723c751e8b465ee728b)  -> (artifact id: '1e422e7cac24bc0dfbca3f97f7807d61') in 0.012308 seconds 
========================================================================
Received Import Request.
  Time since last request: 0.850334 seconds.
  path: Assets/DeepSpaceSkyboxPack/DiverseSpace
  artifactKey: Guid(a53cb42af97fe6948b8c719858cdef3a) Importer(815301076,1909f56bfc062723c751e8b465ee728b)
Start importing Assets/DeepSpaceSkyboxPack/DiverseSpace using Guid(a53cb42af97fe6948b8c719858cdef3a) Importer(815301076,1909f56bfc062723c751e8b465ee728b)  -> (artifact id: 'a3ee4b0f55f2cb6e7b08f767d07d71ca') in 0.016107 seconds 
========================================================================
Received Import Request.
  Time since last request: 0.581901 seconds.
  path: Assets/DeepSpaceSkyboxPack/DiverseSpace/Material
  artifactKey: Guid(f9279326d83fe34498dddbce4a493e45) Importer(815301076,1909f56bfc062723c751e8b465ee728b)
Start importing Assets/DeepSpaceSkyboxPack/DiverseSpace/Material using Guid(f9279326d83fe34498dddbce4a493e45) Importer(815301076,1909f56bfc062723c751e8b465ee728b)  -> (artifact id: '0451923a25b64422a093818e8353dcc4') in 0.007719 seconds 
========================================================================
Received Import Request.
  Time since last request: 0.007138 seconds.
  path: Assets/DeepSpaceSkyboxPack/DiverseSpace/Material/DiverseSpaceMaterial.mat
  artifactKey: Guid(a4be220830e90ea4eb88b48b7fd376ce) Importer(815301076,1909f56bfc062723c751e8b465ee728b)
Start importing Assets/DeepSpaceSkyboxPack/DiverseSpace/Material/DiverseSpaceMaterial.mat using Guid(a4be220830e90ea4eb88b48b7fd376ce) Importer(815301076,1909f56bfc062723c751e8b465ee728b)  -> (artifact id: '8d916defee82f96527aa8d060a513070') in 0.042922 seconds 
========================================================================
Received Import Request.
  Time since last request: 10.863496 seconds.
  path: Assets/DeepSpaceSkyboxPack/DiverseSpace/Textures
  artifactKey: Guid(082ca60eb63e7854fab8a05e54a331f2) Importer(815301076,1909f56bfc062723c751e8b465ee728b)
Start importing Assets/DeepSpaceSkyboxPack/DiverseSpace/Textures using Guid(082ca60eb63e7854fab8a05e54a331f2) Importer(815301076,1909f56bfc062723c751e8b465ee728b)  -> (artifact id: '0eb4dcb5e89c7b296027d9ef86384fe4') in 0.009807 seconds 
========================================================================
Received Import Request.
  Time since last request: 0.018241 seconds.
  path: Assets/DeepSpaceSkyboxPack/DiverseSpace/Textures/diversespace-back.tif
  artifactKey: Guid(5aaf7cd74552c9440b96748a185216d0) Importer(815301076,1909f56bfc062723c751e8b465ee728b)
Start importing Assets/DeepSpaceSkyboxPack/DiverseSpace/Textures/diversespace-back.tif using Guid(5aaf7cd74552c9440b96748a185216d0) Importer(815301076,1909f56bfc062723c751e8b465ee728b)  -> (artifact id: '75f4c16d1cb64386de34c02dd15d35c5') in 0.031485 seconds 
========================================================================
Received Import Request.
  Time since last request: 0.000024 seconds.
  path: Assets/DeepSpaceSkyboxPack/DiverseSpace/Textures/diversespace-down.tif
  artifactKey: Guid(fa631bed8c5ce2043816f9b7e09bc255) Importer(815301076,1909f56bfc062723c751e8b465ee728b)
Start importing Assets/DeepSpaceSkyboxPack/DiverseSpace/Textures/diversespace-down.tif using Guid(fa631bed8c5ce2043816f9b7e09bc255) Importer(815301076,1909f56bfc062723c751e8b465ee728b)  -> (artifact id: '1e57add12b8d79f0e0e4f941cd3eff81') in 0.028487 seconds 
========================================================================
Received Import Request.
  Time since last request: 0.000048 seconds.
  path: Assets/DeepSpaceSkyboxPack/DiverseSpace/Textures/diversespace-up.tif
  artifactKey: Guid(bccfe129d6c46dd42a2332a24a0ea3cc) Importer(815301076,1909f56bfc062723c751e8b465ee728b)
Start importing Assets/DeepSpaceSkyboxPack/DiverseSpace/Textures/diversespace-up.tif using Guid(bccfe129d6c46dd42a2332a24a0ea3cc) Importer(815301076,1909f56bfc062723c751e8b465ee728b)  -> (artifact id: 'f97cedd9d3d7165cf631afe104745ce2') in 0.026349 seconds 
========================================================================
Received Import Request.
  Time since last request: 0.000048 seconds.
  path: Assets/DeepSpaceSkyboxPack/DiverseSpace/Textures/diversespace-left.tif
  artifactKey: Guid(608a51bfce29a174aa86b692c9ff38b3) Importer(815301076,1909f56bfc062723c751e8b465ee728b)
Start importing Assets/DeepSpaceSkyboxPack/DiverseSpace/Textures/diversespace-left.tif using Guid(608a51bfce29a174aa86b692c9ff38b3) Importer(815301076,1909f56bfc062723c751e8b465ee728b)  -> (artifact id: 'e287034b206b4b768d11506193fbfc3c') in 0.025316 seconds 
========================================================================
Received Import Request.
  Time since last request: 0.000025 seconds.
  path: Assets/DeepSpaceSkyboxPack/DiverseSpace/Textures/diversespace-right.tif
  artifactKey: Guid(b83ed05e17bb80a4d960bfc607d24c45) Importer(815301076,1909f56bfc062723c751e8b465ee728b)
Start importing Assets/DeepSpaceSkyboxPack/DiverseSpace/Textures/diversespace-right.tif using Guid(b83ed05e17bb80a4d960bfc607d24c45) Importer(815301076,1909f56bfc062723c751e8b465ee728b)  -> (artifact id: '6efa28e7c3296226e081cefb07adab80') in 0.027366 seconds 
========================================================================
Received Import Request.
  Time since last request: 0.000046 seconds.
  path: Assets/DeepSpaceSkyboxPack/DiverseSpace/Textures/diversespace-front.tif
  artifactKey: Guid(52915f992843f8247b7efd2a65b1b998) Importer(815301076,1909f56bfc062723c751e8b465ee728b)
Start importing Assets/DeepSpaceSkyboxPack/DiverseSpace/Textures/diversespace-front.tif using Guid(52915f992843f8247b7efd2a65b1b998) Importer(815301076,1909f56bfc062723c751e8b465ee728b)  -> (artifact id: '4cddb2ce47721da89ee44c4d131e6d1d') in 0.025444 seconds 
========================================================================
Received Import Request.
  Time since last request: 3.700140 seconds.
  path: Assets/DeepSpaceSkyboxPack/GalacticGreen
  artifactKey: Guid(f626922180189b244a45c4c6ae77bb96) Importer(815301076,1909f56bfc062723c751e8b465ee728b)
Start importing Assets/DeepSpaceSkyboxPack/GalacticGreen using Guid(f626922180189b244a45c4c6ae77bb96) Importer(815301076,1909f56bfc062723c751e8b465ee728b)  -> (artifact id: '60e07c0259e4fa9e3a3330cc73e6175a') in 0.009980 seconds 
========================================================================
Received Import Request.
  Time since last request: 0.941951 seconds.
  path: Assets/DeepSpaceSkyboxPack/GalacticGreen/Material
  artifactKey: Guid(e5ba91804a396d34f80899aeeab8058e) Importer(815301076,1909f56bfc062723c751e8b465ee728b)
Start importing Assets/DeepSpaceSkyboxPack/GalacticGreen/Material using Guid(e5ba91804a396d34f80899aeeab8058e) Importer(815301076,1909f56bfc062723c751e8b465ee728b)  -> (artifact id: 'e15951bfbc9366f50cd3607dd8077be8') in 0.004631 seconds 
========================================================================
Received Import Request.
  Time since last request: 0.016685 seconds.
  path: Assets/DeepSpaceSkyboxPack/GalacticGreen/Material/GalacticGreenMaterial.mat
  artifactKey: Guid(42eaf2c5dbb13dc498f15df5a5b05fda) Importer(815301076,1909f56bfc062723c751e8b465ee728b)
Start importing Assets/DeepSpaceSkyboxPack/GalacticGreen/Material/GalacticGreenMaterial.mat using Guid(42eaf2c5dbb13dc498f15df5a5b05fda) Importer(815301076,1909f56bfc062723c751e8b465ee728b)  -> (artifact id: 'b10ec4398e24c1a5b07dcd9f6a41de19') in 0.035008 seconds 
========================================================================
Received Import Request.
  Time since last request: 6.755402 seconds.
  path: Assets/DeepSpaceSkyboxPack/GalaxyFire
  artifactKey: Guid(3084bd59d3b7e4547aa2b3d70dc5cafd) Importer(815301076,1909f56bfc062723c751e8b465ee728b)
Start importing Assets/DeepSpaceSkyboxPack/GalaxyFire using Guid(3084bd59d3b7e4547aa2b3d70dc5cafd) Importer(815301076,1909f56bfc062723c751e8b465ee728b)  -> (artifact id: 'e3c0f2ade21369b98021886eb753f4f4') in 0.012414 seconds 
========================================================================
Received Import Request.
  Time since last request: 0.667156 seconds.
  path: Assets/DeepSpaceSkyboxPack/GalaxyFire/Material
  artifactKey: Guid(210dd97c6be2fb84596fcb9793e0b805) Importer(815301076,1909f56bfc062723c751e8b465ee728b)
Start importing Assets/DeepSpaceSkyboxPack/GalaxyFire/Material using Guid(210dd97c6be2fb84596fcb9793e0b805) Importer(815301076,1909f56bfc062723c751e8b465ee728b)  -> (artifact id: '37291d8a233e7592cef6dcc7359f5eec') in 0.007373 seconds 
========================================================================
Received Import Request.
  Time since last request: 0.025690 seconds.
  path: Assets/DeepSpaceSkyboxPack/GalaxyFire/Material/GalaxyFireMaterial.mat
  artifactKey: Guid(69e10e886d52d20478f9ed5424126be8) Importer(815301076,1909f56bfc062723c751e8b465ee728b)
Start importing Assets/DeepSpaceSkyboxPack/GalaxyFire/Material/GalaxyFireMaterial.mat using Guid(69e10e886d52d20478f9ed5424126be8) Importer(815301076,1909f56bfc062723c751e8b465ee728b)  -> (artifact id: 'f5234793f1315b0c3403f81ae95db7d5') in 0.025407 seconds 
